<table style="width:100%;border:1px #ccc solid;background-color:#eee;"><tr><td style="border: #ccc solid 1px;background: orange;width:144px;text-align:center;padding: 5px;">06/01/2017 10:14:27</td><td style="vertical-align: top;background: #fff;padding: 5px;" rowspan="2">fails on extract calenda from :
URL:http://1038529402.rsc.cdn77.org/newbid/asset_open.asp?law_suit_no=%bc%ba.693&law_suit_year=2557&deed_no=52920&addrno=315</td></tr><tr><td></td></tr></table>
<table style="width:100%;border:1px #ccc solid;background-color:#eee;"><tr><td style="border: #ccc solid 1px;background: orange;width:144px;text-align:center;padding: 5px;">06/01/2017 10:21:07</td><td style="vertical-align: top;background: #fff;padding: 5px;" rowspan="2">fails on extract calenda from :
URL:http://1038529402.rsc.cdn77.org/newbid/asset_open.asp?law_suit_no=%bc%ba.1597&law_suit_year=2556&deed_no=8175&addrno=36,%e4%c1%e8%bb%c3%d2%a1%af%e0%c5%a2%b7%d0%e0%ba%d5%c2%b9</td></tr><tr><td></td></tr></table>
<table style="width:100%;border:1px #ccc solid;background-color:#eee;"><tr><td style="border: #ccc solid 1px;background: orange;width:144px;text-align:center;padding: 5px;">06/01/2017 10:21:13</td><td style="vertical-align: top;background: #fff;padding: 5px;" rowspan="2">fails on extract calenda from :
URL:http://1038529402.rsc.cdn77.org/newbid/asset_open.asp?law_suit_no=%bc%ba.13836&law_suit_year=2557&deed_no=27099&addrno=65%2f131</td></tr><tr><td></td></tr></table>
<table style="width:100%;border:1px #ccc solid;background-color:#eee;"><tr><td style="border: #ccc solid 1px;background: orange;width:144px;text-align:center;padding: 5px;">06/01/2017 10:21:18</td><td style="vertical-align: top;background: #fff;padding: 5px;" rowspan="2">fails on extract calenda from :
URL:http://1038529402.rsc.cdn77.org/newbid/asset_open.asp?law_suit_no=%bc%ba.183&law_suit_year=2553&deed_no=9173&addrno=%e4%c1%e8%bb%c3%d2%a1%af%e0%c5%a2%b7%d0%e0%ba%d5%c2%b9</td></tr><tr><td></td></tr></table>
<table style="width:100%;border:1px #ccc solid;background-color:#eee;"><tr><td style="border: #ccc solid 1px;background: orange;width:144px;text-align:center;padding: 5px;">06/01/2017 10:21:24</td><td style="vertical-align: top;background: #fff;padding: 5px;" rowspan="2">fails on extract calenda from :
URL:http://1038529402.rsc.cdn77.org/newbid/asset_open.asp?law_suit_no=%bc%ba.522&law_suit_year=2554&deed_no=24762&addrno=16%2f2</td></tr><tr><td></td></tr></table>
<table style="width:100%;border:1px #ccc solid;background-color:#eee;"><tr><td style="border: #ccc solid 1px;background: orange;width:144px;text-align:center;padding: 5px;">06/01/2017 10:21:30</td><td style="vertical-align: top;background: #fff;padding: 5px;" rowspan="2">fails on extract calenda from :
URL:http://1038529402.rsc.cdn77.org/newbid/asset_open.asp?law_suit_no=%bc%ba.535&law_suit_year=2552&deed_no=16826&addrno=%e4%c1%e8%bb%c3%d2%a1%af%e0%c5%a2%b7%d0%e0%ba%d5%c2%b9</td></tr><tr><td></td></tr></table>
<table style="width:100%;border:1px #ccc solid;background-color:#eee;"><tr><td style="border: #ccc solid 1px;background: orange;width:144px;text-align:center;padding: 5px;">06/01/2017 10:28:07</td><td style="vertical-align: top;background: #fff;padding: 5px;" rowspan="2">fails on extract calenda from :
URL:http://1038529402.rsc.cdn77.org/newbid/asset_open.asp?law_suit_no=%bc%ba.775&law_suit_year=2556&deed_no=19547&addrno=-</td></tr><tr><td></td></tr></table>
<table style="width:100%;border:1px #ccc solid;background-color:#eee;"><tr><td style="border: #ccc solid 1px;background: orange;width:144px;text-align:center;padding: 5px;">06/01/2017 10:28:12</td><td style="vertical-align: top;background: #fff;padding: 5px;" rowspan="2">fails on extract calenda from :
URL:http://1038529402.rsc.cdn77.org/newbid/asset_open.asp?law_suit_no=%bc%ba.114&law_suit_year=2552&deed_no=741&addrno=%e4%c1%e8%bb%c3%d2%a1%af%e0%c5%a2%b7%d0%e0%ba%d5%c2%b9</td></tr><tr><td></td></tr></table>
<table style="width:100%;border:1px #ccc solid;background-color:#eee;"><tr><td style="border: #ccc solid 1px;background: orange;width:144px;text-align:center;padding: 5px;">06/01/2017 10:28:17</td><td style="vertical-align: top;background: #fff;padding: 5px;" rowspan="2">fails on extract calenda from :
URL:http://1038529402.rsc.cdn77.org/newbid/asset_open.asp?law_suit_no=%bc%ba.500&law_suit_year=2556&deed_no=22488&addrno=-</td></tr><tr><td></td></tr></table>
<table style="width:100%;border:1px #ccc solid;background-color:#eee;"><tr><td style="border: #ccc solid 1px;background: orange;width:144px;text-align:center;padding: 5px;">06/01/2017 10:28:22</td><td style="vertical-align: top;background: #fff;padding: 5px;" rowspan="2">fails on extract calenda from :
URL:http://1038529402.rsc.cdn77.org/newbid/asset_open.asp?law_suit_no=%bc%ba.2990&law_suit_year=2555&deed_no=11571&addrno=%e4%c1%e8%bb%c3%d2%a1%af%e0%c5%a2%b7%d0%e0%ba%d5%c2%b9%20%20%c1.8%20%20</td></tr><tr><td></td></tr></table>
<table style="width:100%;border:1px #ccc solid;background-color:#eee;"><tr><td style="border: #ccc solid 1px;background: orange;width:144px;text-align:center;padding: 5px;">06/01/2017 10:28:27</td><td style="vertical-align: top;background: #fff;padding: 5px;" rowspan="2">fails on extract calenda from :
URL:http://1038529402.rsc.cdn77.org/newbid/asset_open.asp?law_suit_no=%bc%ba.236&law_suit_year=2552&deed_no=24&addrno=182</td></tr><tr><td></td></tr></table>
<table style="width:100%;border:1px #ccc solid;background-color:#eee;"><tr><td style="border: #ccc solid 1px;background: orange;width:144px;text-align:center;padding: 5px;">06/01/2017 10:35:07</td><td style="vertical-align: top;background: #fff;padding: 5px;" rowspan="2">fails on extract calenda from :
URL:http://1038529402.rsc.cdn77.org/newbid/asset_open.asp?law_suit_no=615&law_suit_year=2547&deed_no=18599&addrno=-</td></tr><tr><td></td></tr></table>
<table style="width:100%;border:1px #ccc solid;background-color:#eee;"><tr><td style="border: #ccc solid 1px;background: orange;width:144px;text-align:center;padding: 5px;">06/01/2017 10:35:12</td><td style="vertical-align: top;background: #fff;padding: 5px;" rowspan="2">fails on extract calenda from :
URL:http://1038529402.rsc.cdn77.org/newbid/asset_open.asp?law_suit_no=%bc%ba.8526&law_suit_year=2553&deed_no=2305&addrno=177</td></tr><tr><td></td></tr></table>
<table style="width:100%;border:1px #ccc solid;background-color:#eee;"><tr><td style="border: #ccc solid 1px;background: orange;width:144px;text-align:center;padding: 5px;">06/01/2017 10:35:17</td><td style="vertical-align: top;background: #fff;padding: 5px;" rowspan="2">fails on extract calenda from :
URL:http://1038529402.rsc.cdn77.org/newbid/asset_open.asp?law_suit_no=%bc%ba.1063&law_suit_year=2553&deed_no=53834&addrno=-</td></tr><tr><td></td></tr></table>
<table style="width:100%;border:1px #ccc solid;background-color:#eee;"><tr><td style="border: #ccc solid 1px;background: orange;width:144px;text-align:center;padding: 5px;">06/01/2017 10:35:22</td><td style="vertical-align: top;background: #fff;padding: 5px;" rowspan="2">fails on extract calenda from :
URL:http://1038529402.rsc.cdn77.org/newbid/asset_open.asp?law_suit_no=%b8.01437&law_suit_year=2541&deed_no=186645&addrno=49%2f214</td></tr><tr><td></td></tr></table>
<table style="width:100%;border:1px #ccc solid;background-color:#eee;"><tr><td style="border: #ccc solid 1px;background: orange;width:144px;text-align:center;padding: 5px;">06/01/2017 10:35:28</td><td style="vertical-align: top;background: #fff;padding: 5px;" rowspan="2">fails on extract calenda from :
URL:http://1038529402.rsc.cdn77.org/newbid/asset_open.asp?law_suit_no=%bc%ba.1571&law_suit_year=2552&deed_no=541&addrno=-</td></tr><tr><td></td></tr></table>
